<?xml version="1.0" encoding="UTF-8"?>
<testng-results ignored="0" total="1" passed="1" failed="0" skipped="0">
  <reporter-output>
  </reporter-output>
  <suite started-at="2024-02-23T13:15:09 IST" name="Default suite" finished-at="2024-02-23T13:15:16 IST" duration-ms="6804">
    <groups>
    </groups>
    <test started-at="2024-02-23T13:15:09 IST" name="Default test" finished-at="2024-02-23T13:15:16 IST" duration-ms="6804">
      <class name="Test">
        <test-method signature="googleTest()[pri:0, instance:Test@63a12c68]" started-at="2024-02-23T13:15:10 IST" name="googleTest" finished-at="2024-02-23T13:15:16 IST" duration-ms="6753" status="PASS">
          <reporter-output>
          </reporter-output>
        </test-method> <!-- googleTest -->
      </class> <!-- Test -->
    </test> <!-- Default test -->
  </suite> <!-- Default suite -->
</testng-results>
